[2016-03-11 04:14:56.669] [INFO] Server - Starting PEP proxy in port 80. Keystone authentication ...
[2016-03-11 04:15:05.580] [INFO] Server - Success authenticating PEP proxy. Proxy Auth-token:  29ed7431b23b470092a33f719dcdc530
[2016-03-11 04:15:54.992] [INFO] IDM-Client - Checking token with IDM...
[2016-03-11 04:15:55.354] [ERROR] Root - User access-token not authorized
[2016-03-11 04:37:11.791] [INFO] IDM-Client - Checking token with IDM...
[2016-03-11 04:37:11.824] [ERROR] Root - User access-token not authorized
[2016-03-11 04:42:47.886] [INFO] IDM-Client - Checking token with IDM...
[2016-03-11 04:42:47.959] [INFO] AZF-Client - Checking auth with AZF...
[2016-03-11 04:42:47.959] [INFO] AZF-Client - Checking authorization to roles [ 'provider' ] to do  GET  on  private and app  aa463756ea8546cba000b5aaeeb13b88
[2016-03-11 04:42:47.989] [INFO] AZF-Client - before sendData () ..... 
[2016-03-11 04:42:48.244] [INFO] AZF-Client - return from sendData () ..... 
[2016-03-11 04:42:48.245] [INFO] AZF-Client - resp .... <?xml version="1.0" encoding="UTF-8" standalone="yes"?><ns5:Response xmlns:ns2="http://www.w3.org/2005/Atom" xmlns:ns3="http://authzforce.github.io/rest-api-model/xmlns/authz/4" xmlns:ns4="http://authzforce.github.io/pap-dao-file/xmlns/properties/3.6" xmlns:ns5="urn:oasis:names:tc:xacml:3.0:core:schema:wd-17" xmlns:ns6="http://authzforce.github.io/core/xmlns/pdp/3.6"><ns5:Result><ns5:Decision>Deny</ns5:Decision></ns5:Result></ns5:Response> 
[2016-03-11 04:42:48.295] [INFO] AZF-Client - json_str .... {"ns5:Response":{"xmlns:ns2":"http://www.w3.org/2005/Atom","xmlns:ns3":"http://authzforce.github.io/rest-api-model/xmlns/authz/4","xmlns:ns4":"http://authzforce.github.io/pap-dao-file/xmlns/properties/3.6","xmlns:ns5":"urn:oasis:names:tc:xacml:3.0:core:schema:wd-17","xmlns:ns6":"http://authzforce.github.io/core/xmlns/pdp/3.6","ns5:Result":{"ns5:Decision":"Deny"}}} 
[2016-03-11 04:42:48.295] [INFO] AZF-Client - json_str1 .... {"Response":{"xmlns:ns2":"http://www.w3.org/2005/Atom","xmlns:ns3":"http://authzforce.github.io/rest-api-model/xmlns/authz/4","xmlns:ns4":"http://authzforce.github.io/pap-dao-file/xmlns/properties/3.6","xmlns:ns5":"urn:oasis:names:tc:xacml:3.0:core:schema:wd-17","xmlns:ns6":"http://authzforce.github.io/core/xmlns/pdp/3.6","Result":{"Decision":"Deny"}}} 
[2016-03-11 04:42:48.296] [INFO] AZF-Client - json_res ... {"Response":{"xmlns:ns2":"http://www.w3.org/2005/Atom","xmlns:ns3":"http://authzforce.github.io/rest-api-model/xmlns/authz/4","xmlns:ns4":"http://authzforce.github.io/pap-dao-file/xmlns/properties/3.6","xmlns:ns5":"urn:oasis:names:tc:xacml:3.0:core:schema:wd-17","xmlns:ns6":"http://authzforce.github.io/core/xmlns/pdp/3.6","Result":{"Decision":"Deny"}}}
[2016-03-11 04:42:48.297] [ERROR] Root - User access-token not authorized:  User not authorized in AZF for the given action and resource
[2016-03-11 04:47:05.319] [INFO] IDM-Client - Token in cache, checking timestamp...
[2016-03-11 04:47:05.320] [INFO] AZF-Client - Checking auth with AZF...
[2016-03-11 04:47:05.321] [INFO] AZF-Client - Checking authorization to roles [ 'provider' ] to do  GET  on  private and app  aa463756ea8546cba000b5aaeeb13b88
[2016-03-11 04:47:05.323] [INFO] AZF-Client - before sendData () ..... 
[2016-03-11 04:47:05.413] [INFO] AZF-Client - return from sendData () ..... 
[2016-03-11 04:47:05.414] [INFO] AZF-Client - resp .... <?xml version="1.0" encoding="UTF-8" standalone="yes"?><ns5:Response xmlns:ns2="http://www.w3.org/2005/Atom" xmlns:ns3="http://authzforce.github.io/rest-api-model/xmlns/authz/4" xmlns:ns4="http://authzforce.github.io/pap-dao-file/xmlns/properties/3.6" xmlns:ns5="urn:oasis:names:tc:xacml:3.0:core:schema:wd-17" xmlns:ns6="http://authzforce.github.io/core/xmlns/pdp/3.6"><ns5:Result><ns5:Decision>Deny</ns5:Decision></ns5:Result></ns5:Response> 
[2016-03-11 04:47:05.415] [INFO] AZF-Client - json_str .... {"ns5:Response":{"xmlns:ns2":"http://www.w3.org/2005/Atom","xmlns:ns3":"http://authzforce.github.io/rest-api-model/xmlns/authz/4","xmlns:ns4":"http://authzforce.github.io/pap-dao-file/xmlns/properties/3.6","xmlns:ns5":"urn:oasis:names:tc:xacml:3.0:core:schema:wd-17","xmlns:ns6":"http://authzforce.github.io/core/xmlns/pdp/3.6","ns5:Result":{"ns5:Decision":"Deny"}}} 
[2016-03-11 04:47:05.415] [INFO] AZF-Client - json_str1 .... {"Response":{"xmlns:ns2":"http://www.w3.org/2005/Atom","xmlns:ns3":"http://authzforce.github.io/rest-api-model/xmlns/authz/4","xmlns:ns4":"http://authzforce.github.io/pap-dao-file/xmlns/properties/3.6","xmlns:ns5":"urn:oasis:names:tc:xacml:3.0:core:schema:wd-17","xmlns:ns6":"http://authzforce.github.io/core/xmlns/pdp/3.6","Result":{"Decision":"Deny"}}} 
[2016-03-11 04:47:05.415] [INFO] AZF-Client - json_res ... {"Response":{"xmlns:ns2":"http://www.w3.org/2005/Atom","xmlns:ns3":"http://authzforce.github.io/rest-api-model/xmlns/authz/4","xmlns:ns4":"http://authzforce.github.io/pap-dao-file/xmlns/properties/3.6","xmlns:ns5":"urn:oasis:names:tc:xacml:3.0:core:schema:wd-17","xmlns:ns6":"http://authzforce.github.io/core/xmlns/pdp/3.6","Result":{"Decision":"Deny"}}}
[2016-03-11 04:47:05.416] [ERROR] Root - User access-token not authorized:  User not authorized in AZF for the given action and resource
[2016-03-11 04:47:29.762] [INFO] IDM-Client - Token in cache, checking timestamp...
[2016-03-11 04:47:29.764] [INFO] AZF-Client - Checking auth with AZF...
[2016-03-11 04:47:29.764] [INFO] AZF-Client - Checking authorization to roles [ 'provider' ] to do  GET  on  privateabc and app  aa463756ea8546cba000b5aaeeb13b88
[2016-03-11 04:47:29.765] [INFO] AZF-Client - before sendData () ..... 
[2016-03-11 04:47:29.776] [INFO] AZF-Client - return from sendData () ..... 
[2016-03-11 04:47:29.776] [INFO] AZF-Client - resp .... <?xml version="1.0" encoding="UTF-8" standalone="yes"?><ns5:Response xmlns:ns2="http://www.w3.org/2005/Atom" xmlns:ns3="http://authzforce.github.io/rest-api-model/xmlns/authz/4" xmlns:ns4="http://authzforce.github.io/pap-dao-file/xmlns/properties/3.6" xmlns:ns5="urn:oasis:names:tc:xacml:3.0:core:schema:wd-17" xmlns:ns6="http://authzforce.github.io/core/xmlns/pdp/3.6"><ns5:Result><ns5:Decision>Deny</ns5:Decision></ns5:Result></ns5:Response> 
[2016-03-11 04:47:29.776] [INFO] AZF-Client - json_str .... {"ns5:Response":{"xmlns:ns2":"http://www.w3.org/2005/Atom","xmlns:ns3":"http://authzforce.github.io/rest-api-model/xmlns/authz/4","xmlns:ns4":"http://authzforce.github.io/pap-dao-file/xmlns/properties/3.6","xmlns:ns5":"urn:oasis:names:tc:xacml:3.0:core:schema:wd-17","xmlns:ns6":"http://authzforce.github.io/core/xmlns/pdp/3.6","ns5:Result":{"ns5:Decision":"Deny"}}} 
[2016-03-11 04:47:29.907] [INFO] AZF-Client - json_str1 .... {"Response":{"xmlns:ns2":"http://www.w3.org/2005/Atom","xmlns:ns3":"http://authzforce.github.io/rest-api-model/xmlns/authz/4","xmlns:ns4":"http://authzforce.github.io/pap-dao-file/xmlns/properties/3.6","xmlns:ns5":"urn:oasis:names:tc:xacml:3.0:core:schema:wd-17","xmlns:ns6":"http://authzforce.github.io/core/xmlns/pdp/3.6","Result":{"Decision":"Deny"}}} 
[2016-03-11 04:47:29.907] [INFO] AZF-Client - json_res ... {"Response":{"xmlns:ns2":"http://www.w3.org/2005/Atom","xmlns:ns3":"http://authzforce.github.io/rest-api-model/xmlns/authz/4","xmlns:ns4":"http://authzforce.github.io/pap-dao-file/xmlns/properties/3.6","xmlns:ns5":"urn:oasis:names:tc:xacml:3.0:core:schema:wd-17","xmlns:ns6":"http://authzforce.github.io/core/xmlns/pdp/3.6","Result":{"Decision":"Deny"}}}
[2016-03-11 04:47:29.908] [ERROR] Root - User access-token not authorized:  User not authorized in AZF for the given action and resource
[2016-03-11 06:04:32.927] [INFO] IDM-Client - Token in cache, checking timestamp...
[2016-03-11 06:04:32.929] [INFO] IDM-Client - Token in cache expired
[2016-03-11 06:04:32.930] [INFO] IDM-Client - Checking token with IDM...
[2016-03-11 06:04:33.260] [ERROR] IDM-Client - Error validating token. Proxy not authorized in keystone. Keystone authentication ...
[2016-03-11 06:04:33.755] [ERROR] Server - Caught exception: SyntaxError: Unexpected token u
[2016-03-11 06:05:02.783] [INFO] IDM-Client - Checking token with IDM...
[2016-03-11 06:05:02.835] [INFO] AZF-Client - Checking auth with AZF...
[2016-03-11 06:05:02.835] [INFO] AZF-Client - Checking authorization to roles [ 'provider' ] to do  GET  on  private and app  aa463756ea8546cba000b5aaeeb13b88
[2016-03-11 06:05:02.872] [INFO] AZF-Client - before sendData () ..... 
[2016-03-11 06:05:02.941] [INFO] AZF-Client - return from sendData () ..... 
[2016-03-11 06:05:02.941] [INFO] AZF-Client - resp .... <?xml version="1.0" encoding="UTF-8" standalone="yes"?><ns5:Response xmlns:ns2="http://www.w3.org/2005/Atom" xmlns:ns3="http://authzforce.github.io/rest-api-model/xmlns/authz/4" xmlns:ns4="http://authzforce.github.io/pap-dao-file/xmlns/properties/3.6" xmlns:ns5="urn:oasis:names:tc:xacml:3.0:core:schema:wd-17" xmlns:ns6="http://authzforce.github.io/core/xmlns/pdp/3.6"><ns5:Result><ns5:Decision>Permit</ns5:Decision></ns5:Result></ns5:Response> 
[2016-03-11 06:05:02.943] [INFO] AZF-Client - json_str .... {"ns5:Response":{"xmlns:ns2":"http://www.w3.org/2005/Atom","xmlns:ns3":"http://authzforce.github.io/rest-api-model/xmlns/authz/4","xmlns:ns4":"http://authzforce.github.io/pap-dao-file/xmlns/properties/3.6","xmlns:ns5":"urn:oasis:names:tc:xacml:3.0:core:schema:wd-17","xmlns:ns6":"http://authzforce.github.io/core/xmlns/pdp/3.6","ns5:Result":{"ns5:Decision":"Permit"}}} 
[2016-03-11 06:05:02.943] [INFO] AZF-Client - json_str1 .... {"Response":{"xmlns:ns2":"http://www.w3.org/2005/Atom","xmlns:ns3":"http://authzforce.github.io/rest-api-model/xmlns/authz/4","xmlns:ns4":"http://authzforce.github.io/pap-dao-file/xmlns/properties/3.6","xmlns:ns5":"urn:oasis:names:tc:xacml:3.0:core:schema:wd-17","xmlns:ns6":"http://authzforce.github.io/core/xmlns/pdp/3.6","Result":{"Decision":"Permit"}}} 
[2016-03-11 06:05:02.944] [INFO] AZF-Client - json_res ... {"Response":{"xmlns:ns2":"http://www.w3.org/2005/Atom","xmlns:ns3":"http://authzforce.github.io/rest-api-model/xmlns/authz/4","xmlns:ns4":"http://authzforce.github.io/pap-dao-file/xmlns/properties/3.6","xmlns:ns5":"urn:oasis:names:tc:xacml:3.0:core:schema:wd-17","xmlns:ns6":"http://authzforce.github.io/core/xmlns/pdp/3.6","Result":{"Decision":"Permit"}}}
[2016-03-11 06:05:02.945] [INFO] Root - Access-token OK. Redirecting to app...
