Apr 05, 2016 2:57:08 AM org.apache.catalina.core.ApplicationContext log
INFO: No Spring WebApplicationInitializer types detected on classpath
Apr 05, 2016 2:57:09 AM org.apache.catalina.core.ApplicationContext log
INFO: Set web app root system property: 'webapp.root' = [/usr/local/tomcat/webapps/authzforce/]
Apr 05, 2016 2:57:10 AM org.apache.catalina.core.ApplicationContext log
INFO: Initializing Logback from [file:///opt/authzforce/conf/logback.xml]
Apr 05, 2016 2:57:10 AM org.apache.catalina.core.ApplicationContext log
INFO: JUL to SLF4J bridge is not available on the classpath
Apr 05, 2016 2:57:10 AM org.apache.catalina.core.ApplicationContext log
INFO: Initializing Spring root WebApplicationContext
Apr 05, 2016 2:57:28 AM org.apache.catalina.core.ApplicationContext log
INFO: ContextListener: contextInitialized()
Apr 05, 2016 2:57:28 AM org.apache.catalina.core.ApplicationContext log
INFO: SessionListener: contextInitialized()
Apr 05, 2016 2:57:28 AM org.apache.catalina.core.ApplicationContext log
INFO: ContextListener: attributeAdded('org.apache.jasper.compiler.TldLocationsCache', 'org.apache.jasper.compiler.TldLocationsCache@a84ba7f')
Apr 05, 2016 3:04:24 AM org.apache.catalina.core.ApplicationContext log
INFO: SessionListener: contextDestroyed()
Apr 05, 2016 3:04:24 AM org.apache.catalina.core.ApplicationContext log
INFO: ContextListener: contextDestroyed()
Apr 05, 2016 3:04:24 AM org.apache.catalina.core.ApplicationContext log
INFO: Closing Spring root WebApplicationContext
Apr 05, 2016 3:04:25 AM org.apache.catalina.core.ApplicationContext log
INFO: Shutting down Logback
