Mar 11, 2016 2:49:38 AM org.apache.catalina.core.ApplicationContext log
INFO: SessionListener: contextDestroyed()
Mar 11, 2016 2:49:38 AM org.apache.catalina.core.ApplicationContext log
INFO: ContextListener: contextDestroyed()
Mar 11, 2016 2:51:14 AM org.apache.catalina.core.ApplicationContext log
INFO: ContextListener: contextInitialized()
Mar 11, 2016 2:51:14 AM org.apache.catalina.core.ApplicationContext log
INFO: SessionListener: contextInitialized()
Mar 11, 2016 2:51:14 AM org.apache.catalina.core.ApplicationContext log
INFO: ContextListener: attributeAdded('org.apache.jasper.compiler.TldLocationsCache', 'org.apache.jasper.compiler.TldLocationsCache@bb8945a')
Mar 11, 2016 2:53:27 AM org.apache.catalina.core.ApplicationContext log
INFO: No Spring WebApplicationInitializer types detected on classpath
Mar 11, 2016 2:53:28 AM org.apache.catalina.core.ApplicationContext log
INFO: Set web app root system property: 'webapp.root' = [/usr/local/tomcat/webapps/authzforce/]
Mar 11, 2016 2:53:28 AM org.apache.catalina.core.ApplicationContext log
INFO: Initializing Logback from [file:///opt/authzforce/conf/logback.xml]
Mar 11, 2016 2:53:32 AM org.apache.catalina.core.ApplicationContext log
INFO: JUL to SLF4J bridge is not available on the classpath
Mar 11, 2016 2:53:32 AM org.apache.catalina.core.ApplicationContext log
INFO: Initializing Spring root WebApplicationContext
