Mar 11, 2016 2:45:31 AM org.apache.catalina.core.ApplicationContext log
INFO: HTMLManager: init: Associated with Deployer 'Catalina:type=Deployer,host=localhost'
Mar 11, 2016 2:45:32 AM org.apache.catalina.core.ApplicationContext log
INFO: HTMLManager: init: Global resources are available
Mar 11, 2016 2:47:25 AM org.apache.catalina.core.ApplicationContext log
INFO: HTMLManager: list: Listing contexts for virtual host 'localhost'
Mar 11, 2016 2:48:10 AM org.apache.catalina.core.ApplicationContext log
SEVERE: HTMLManager: FAIL - Deploy Upload Failed, Exception: org.apache.tomcat.util.http.fileupload.FileUploadBase$IOFileUploadException: Processing of multipart/form-data request failed. Stream ended unexpectedly
java.io.IOException: org.apache.tomcat.util.http.fileupload.FileUploadBase$IOFileUploadException: Processing of multipart/form-data request failed. Stream ended unexpectedly
	at org.apache.catalina.connector.Request.parseParts(Request.java:2917)
	at org.apache.catalina.connector.Request.parseParameters(Request.java:3237)
	at org.apache.catalina.connector.Request.getParameter(Request.java:1158)
	at org.apache.catalina.connector.RequestFacade.getParameter(RequestFacade.java:382)
	at org.apache.catalina.filters.CsrfPreventionFilter.doFilter(CsrfPreventionFilter.java:108)
	at org.apache.catalina.core.ApplicationFilterChain.internalDoFilter(ApplicationFilterChain.java:241)
	at org.apache.catalina.core.ApplicationFilterChain.doFilter(ApplicationFilterChain.java:208)
	at org.apache.tomcat.websocket.server.WsFilter.doFilter(WsFilter.java:52)
	at org.apache.catalina.core.ApplicationFilterChain.internalDoFilter(ApplicationFilterChain.java:241)
	at org.apache.catalina.core.ApplicationFilterChain.doFilter(ApplicationFilterChain.java:208)
	at org.apache.catalina.filters.SetCharacterEncodingFilter.doFilter(SetCharacterEncodingFilter.java:108)
	at org.apache.catalina.core.ApplicationFilterChain.internalDoFilter(ApplicationFilterChain.java:241)
	at org.apache.catalina.core.ApplicationFilterChain.doFilter(ApplicationFilterChain.java:208)
	at org.apache.catalina.core.StandardWrapperValve.invoke(StandardWrapperValve.java:220)
	at org.apache.catalina.core.StandardContextValve.invoke(StandardContextValve.java:122)
	at org.apache.catalina.authenticator.AuthenticatorBase.invoke(AuthenticatorBase.java:614)
	at org.apache.catalina.core.StandardHostValve.invoke(StandardHostValve.java:169)
	at org.apache.catalina.valves.ErrorReportValve.invoke(ErrorReportValve.java:103)
	at org.apache.catalina.valves.AccessLogValve.invoke(AccessLogValve.java:956)
	at org.apache.catalina.core.StandardEngineValve.invoke(StandardEngineValve.java:116)
	at org.apache.catalina.connector.CoyoteAdapter.service(CoyoteAdapter.java:436)
	at org.apache.coyote.http11.AbstractHttp11Processor.process(AbstractHttp11Processor.java:1078)
	at org.apache.coyote.AbstractProtocol$AbstractConnectionHandler.process(AbstractProtocol.java:625)
	at org.apache.tomcat.util.net.JIoEndpoint$SocketProcessor.run(JIoEndpoint.java:316)
	at java.util.concurrent.ThreadPoolExecutor.runWorker(ThreadPoolExecutor.java:1145)
	at java.util.concurrent.ThreadPoolExecutor$Worker.run(ThreadPoolExecutor.java:615)
	at org.apache.tomcat.util.threads.TaskThread$WrappingRunnable.run(TaskThread.java:61)
	at java.lang.Thread.run(Thread.java:745)
Caused by: org.apache.tomcat.util.http.fileupload.FileUploadBase$IOFileUploadException: Processing of multipart/form-data request failed. Stream ended unexpectedly
	at org.apache.tomcat.util.http.fileupload.FileUploadBase.parseRequest(FileUploadBase.java:300)
	at org.apache.catalina.connector.Request.parseParts(Request.java:2844)
	... 27 more
Caused by: org.apache.tomcat.util.http.fileupload.MultipartStream$MalformedStreamException: Stream ended unexpectedly
	at org.apache.tomcat.util.http.fileupload.MultipartStream$ItemInputStream.makeAvailable(MultipartStream.java:948)
	at org.apache.tomcat.util.http.fileupload.MultipartStream$ItemInputStream.read(MultipartStream.java:846)
	at java.io.FilterInputStream.read(FilterInputStream.java:133)
	at org.apache.tomcat.util.http.fileupload.util.LimitedInputStream.read(LimitedInputStream.java:132)
	at java.io.FilterInputStream.read(FilterInputStream.java:107)
	at org.apache.tomcat.util.http.fileupload.util.Streams.copy(Streams.java:99)
	at org.apache.tomcat.util.http.fileupload.util.Streams.copy(Streams.java:68)
	at org.apache.tomcat.util.http.fileupload.FileUploadBase.parseRequest(FileUploadBase.java:296)
	... 28 more

Mar 11, 2016 2:48:11 AM org.apache.catalina.core.ApplicationContext log
INFO: HTMLManager: list: Listing contexts for virtual host 'localhost'
Mar 11, 2016 2:51:39 AM org.apache.catalina.core.ApplicationContext log
INFO: HTMLManager: init: Associated with Deployer 'Catalina:type=Deployer,host=localhost'
Mar 11, 2016 2:51:39 AM org.apache.catalina.core.ApplicationContext log
INFO: HTMLManager: init: Global resources are available
Mar 11, 2016 2:51:39 AM org.apache.catalina.core.ApplicationContext log
INFO: HTMLManager: list: Listing contexts for virtual host 'localhost'
Mar 11, 2016 2:53:52 AM org.apache.catalina.core.ApplicationContext log
INFO: HTMLManager: list: Listing contexts for virtual host 'localhost'
